SF:lib\src\inject.dart
DA:22,8
DA:27,6
DA:54,21
DA:57,2
DA:58,6
DA:59,12
DA:62,8
DA:87,6
DA:92,7
DA:98,9
DA:99,7
DA:103,4
DA:110,5
DA:111,4
DA:112,4
DA:115,3
DA:123,4
DA:124,3
DA:125,3
DA:128,3
DA:134,1
DA:137,4
DA:139,1
DA:140,3
DA:141,7
DA:143,1
DA:144,1
DA:146,6
DA:148,4
DA:149,3
DA:153,7
DA:154,8
DA:155,8
DA:157,14
DA:158,2
DA:160,14
DA:164,7
DA:165,14
DA:166,6
DA:167,2
DA:169,14
DA:171,7
DA:175,7
DA:177,7
DA:178,7
DA:179,4
DA:181,7
DA:183,7
DA:186,7
DA:193,6
DA:195,6
DA:196,18
DA:197,6
DA:198,6
DA:200,4
DA:201,1
DA:202,2
DA:208,2
DA:210,2
DA:215,7
DA:217,8
DA:221,7
DA:223,14
DA:227,7
DA:228,14
DA:229,14
DA:236,6
DA:237,6
DA:243,4
DA:245,5
DA:252,9
DA:254,9
DA:267,9
DA:274,6
DA:276,6
DA:278,6
DA:279,18
DA:280,6
DA:281,12
DA:286,6
DA:288,6
DA:290,12
DA:291,18
DA:292,12
LF:84
LH:84
end_of_record
SF:lib\src\injector.dart
DA:53,6
DA:65,1
DA:66,1
DA:74,6
DA:76,1
DA:77,2
DA:79,1
DA:84,1
DA:90,1
DA:92,1
DA:94,2
DA:95,1
DA:98,1
DA:101,1
DA:102,2
DA:104,1
DA:105,1
DA:106,1
DA:107,1
DA:110,1
DA:112,1
DA:113,1
DA:116,2
DA:122,6
DA:124,7
DA:126,6
DA:131,6
DA:133,6
DA:134,12
DA:135,2
DA:136,3
DA:139,6
DA:143,5
DA:144,5
DA:150,2
DA:152,2
DA:153,1
DA:156,2
DA:158,2
DA:159,4
DA:161,2
DA:162,2
DA:163,2
DA:167,2
DA:169,2
DA:170,2
DA:172,2
DA:176,6
DA:178,18
DA:180,6
DA:181,6
DA:182,2
DA:184,3
DA:188,6
DA:194,6
DA:196,6
DA:197,6
DA:199,1
DA:206,12
DA:207,6
DA:211,6
DA:213,6
DA:215,12
DA:216,3
DA:219,1
DA:220,1
DA:222,1
DA:223,1
DA:224,2
DA:225,2
DA:228,1
DA:234,3
DA:237,1
DA:239,1
DA:240,3
DA:243,1
DA:247,1
DA:248,2
DA:249,2
DA:250,2
DA:253,1
DA:256,2
DA:260,12
DA:261,24
DA:264,12
DA:265,1
DA:266,6
DA:267,12
DA:268,18
DA:270,3
DA:274,12
DA:275,2
DA:277,12
DA:278,2
DA:279,4
DA:284,6
DA:286,12
DA:287,6
DA:288,18
DA:289,18
DA:290,12
DA:292,18
DA:294,2
DA:296,1
DA:302,6
DA:305,12
DA:306,2
DA:309,6
DA:312,6
DA:314,12
DA:315,6
DA:316,12
DA:320,12
DA:321,18
DA:324,12
DA:325,18
DA:329,6
DA:336,1
DA:338,1
DA:339,2
DA:342,0 
DA:344,0
DA:345,0
DA:348,1
DA:350,2
LF:125
LH:122
end_of_record
SF:lib\src\assertions.dart
DA:4,1
DA:15,1
DA:19,1
DA:27,1
DA:36,1
DA:40,1
DA:53,1
DA:76,1
DA:80,1
DA:90,1
DA:94,1
DA:100,1
DA:104,1
DA:113,1
DA:116,1
DA:124,1
DA:127,1
DA:144,1
DA:147,1
DA:172,1
LF:20
LH:20
end_of_record
SF:lib\src\reactive_model.dart
DA:27,7
DA:28,14
DA:29,21
DA:34,2
DA:35,4
DA:36,2
DA:40,12
DA:46,14
DA:49,27
DA:51,7
DA:52,7
DA:53,21
DA:57,2
DA:58,6
DA:62,15
DA:75,18
DA:80,12
DA:85,12
DA:88,18
DA:93,6
DA:94,18
DA:95,10
DA:99,0
DA:104,2
DA:108,3
DA:114,3
DA:115,3
DA:116,3
DA:118,3
DA:119,6
DA:121,3
DA:122,3
DA:124,6
DA:142,1
DA:143,1
DA:144,3
DA:147,4
DA:152,2
DA:153,4
DA:159,2
DA:164,2
DA:174,4
DA:175,4
DA:217,6
DA:232,6
DA:233,18
DA:234,2
DA:237,6
DA:239,3
DA:241,6
DA:242,6
DA:243,6
DA:245,6
DA:246,6
DA:247,2
DA:248,6
DA:251,6
DA:253,3
DA:256,2
DA:257,4
DA:258,1
DA:264,4
DA:268,4
DA:269,6
DA:273,6
DA:277,1
DA:278,6
DA:279,2
DA:281,1
DA:282,1
DA:285,3
DA:288,2
DA:289,1
DA:290,3
DA:293,2
DA:294,1
DA:303,12
DA:304,4
DA:307,12
DA:308,6
DA:309,15
DA:312,5
DA:314,1
DA:318,5
DA:321,10
DA:322,5
DA:325,5
DA:327,4
DA:328,5
DA:331,5
DA:334,3
DA:338,3
DA:341,2
DA:342,8
DA:345,8
DA:349,18
DA:350,6
DA:353,1
DA:359,3
DA:360,1
DA:361,1
DA:362,1
DA:365,1
DA:366,1
DA:369,1
DA:373,1
DA:381,1
DA:384,1
DA:387,1
DA:390,1
DA:393,1
DA:394,3
DA:395,1
DA:397,3
DA:404,7
DA:406,1
DA:407,7
DA:412,4
DA:414,4
DA:415,4
DA:416,4
DA:417,12
DA:419,6
DA:421,4
DA:423,8
DA:424,4
DA:426,8
DA:427,16
DA:428,4
DA:429,8
DA:434,12
DA:438,4
DA:439,12
DA:440,4
DA:441,12
DA:442,8
DA:443,14
DA:444,8
DA:445,12
DA:447,8
DA:450,1
DA:451,2
DA:452,2
DA:453,4
DA:456,4
DA:457,4
DA:458,12
DA:459,8
DA:460,12
DA:465,12
DA:468,3
DA:469,3
DA:470,6
DA:471,3
DA:477,2
DA:478,2
LF:156
LH:155
end_of_record
SF:lib\src\state_builder.dart
DA:146,7
DA:166,1
DA:174,1
DA:181,7
DA:182,7
DA:183,7
DA:191,14
DA:192,14
DA:193,5
DA:196,7
DA:198,7
DA:199,14
DA:200,14
DA:201,9
DA:203,14
DA:204,4
DA:205,8
DA:208,14
DA:209,4
DA:213,7
DA:214,7
DA:216,28
DA:217,7
DA:218,14
DA:219,1
DA:220,7
DA:222,7
DA:223,4
DA:224,4
DA:227,7
DA:228,35
DA:229,8
DA:232,2
DA:233,2
DA:235,2
DA:236,6
DA:237,4
DA:241,7
DA:242,14
DA:243,14
DA:244,12
DA:245,6
DA:246,4
DA:249,16
DA:254,7
DA:256,14
DA:257,6
DA:259,13
DA:260,12
DA:262,14
DA:263,2
DA:266,14
DA:267,7
DA:270,7
DA:271,14
DA:272,14
DA:275,1
DA:278,1
DA:284,14
DA:285,7
DA:286,8
DA:287,4
DA:288,4
DA:291,12
DA:299,7
DA:302,7
DA:305,7
DA:308,14
DA:309,4
DA:310,5
DA:311,3
DA:312,2
DA:315,14
DA:318,7
DA:321,12
DA:324,14
DA:325,6
DA:327,14
DA:328,2
DA:329,4
DA:332,14
DA:336,7
DA:338,7
DA:339,14
DA:340,4
DA:341,6
DA:345,14
DA:346,8
DA:348,14
DA:351,7
DA:353,7
DA:354,14
DA:355,3
DA:358,4
DA:360,4
DA:362,16
DA:363,4
DA:364,8
DA:366,8
DA:367,3
LF:100
LH:100
end_of_record
SF:lib\src\states_rebuilder.dart
DA:44,14
DA:45,27
DA:50,8
DA:53,1
DA:54,1
DA:55,8
DA:56,16
DA:57,16
DA:59,8
DA:60,24
DA:61,16
DA:63,5
DA:64,2
DA:68,8
DA:72,8
DA:73,16
DA:74,1
DA:78,1
DA:83,2
DA:84,1
DA:88,8
DA:91,24
DA:92,24
DA:93,16
DA:94,16
DA:96,13
DA:98,5
DA:101,16
DA:109,8
DA:111,8
DA:112,8
DA:113,1
DA:117,1
DA:122,1
DA:125,1
DA:126,1
DA:129,1
DA:139,1
DA:143,8
DA:149,16
DA:150,8
DA:151,16
DA:152,8
DA:155,7
DA:157,7
DA:159,8
DA:167,8
DA:170,4
DA:171,2
DA:173,4
DA:176,8
DA:178,8
DA:179,4
DA:182,2
DA:184,2
DA:186,4
DA:194,6
DA:195,12
DA:201,6
DA:202,18
LF:60
LH:60
end_of_record
SF:lib\src\states_rebuilder_debug.dart
DA:8,1
DA:9,1
DA:10,3
DA:12,1
DA:13,3
DA:14,2
DA:15,1
DA:17,5
DA:18,1
DA:19,2
DA:22,1
DA:23,2
DA:28,1
DA:30,2
DA:31,3
DA:33,1
DA:34,3
DA:35,2
DA:36,1
DA:38,1
DA:39,4
DA:40,1
DA:41,2
DA:45,1
DA:47,2
LF:25
LH:25
end_of_record
SF:lib\src\on_set_state_listener.dart
DA:34,1
DA:42,1
DA:43,1
DA:44,1
DA:46,1
DA:47,1
DA:48,1
DA:49,1
DA:50,1
DA:53,1
DA:54,2
DA:55,1
DA:56,2
DA:62,1
DA:63,2
DA:64,1
DA:67,1
DA:71,1
DA:74,1
DA:75,1
DA:76,2
DA:77,3
DA:81,1
DA:82,1
DA:83,2
DA:84,3
DA:88,1
DA:89,1
DA:90,1
LF:29
LH:29
end_of_record
SF:lib\src\when_connection_state.dart
DA:39,1
DA:48,2
DA:49,1
DA:50,1
DA:51,1
DA:52,1
DA:54,1
DA:56,1
DA:57,1
DA:58,1
DA:59,1
DA:60,1
DA:66,1
DA:67,1
DA:68,1
DA:69,1
DA:73,1
DA:76,4
DA:77,3
DA:78,1
DA:79,1
DA:80,1
DA:84,1
DA:89,1
DA:92,1
DA:96,1
DA:99,2
LF:27
LH:27
end_of_record
SF:lib\src\when_rebuilder_or.dart
DA:41,1
DA:50,3
DA:51,1
DA:52,1
DA:54,1
DA:56,1
DA:57,1
DA:58,1
DA:59,1
DA:60,1
DA:66,1
DA:67,1
DA:68,1
DA:69,1
DA:73,1
DA:76,4
DA:77,3
DA:78,1
DA:79,1
DA:80,1
DA:84,1
DA:88,1
DA:89,1
DA:92,1
DA:93,1
DA:99,1
DA:100,1
DA:102,1
LF:28
LH:28
end_of_record
SF:lib\src\state_with_mixin_builder.dart
DA:8,1
DA:10,1
DA:13,1
DA:16,1
DA:19,1
DA:140,1
DA:155,1
DA:163,1
DA:170,1
DA:171,1
DA:172,1
DA:174,1
DA:175,1
DA:177,4
DA:183,1
DA:185,1
DA:187,4
DA:193,1
DA:195,1
DA:196,1
DA:198,1
DA:199,1
DA:210,1
DA:212,1
DA:213,2
DA:214,3
DA:218,1
DA:220,1
DA:221,2
DA:222,3
DA:226,1
DA:228,1
DA:229,2
DA:230,3
DA:234,2
DA:235,3
DA:236,2
DA:237,1
DA:238,2
DA:239,2
DA:242,1
DA:243,2
DA:244,2
DA:247,1
DA:248,2
DA:249,4
DA:251,1
DA:255,1
DA:257,1
DA:263,1
DA:265,1
DA:267,2
DA:268,3
DA:270,1
DA:276,1
DA:278,1
DA:280,2
DA:281,3
DA:283,1
DA:289,1
DA:292,1
DA:294,1
DA:295,1
DA:298,1
DA:304,1
DA:307,1
DA:309,1
DA:310,2
DA:313,1
DA:315,2
DA:316,1
DA:319,1
DA:320,2
DA:321,3
LF:74
LH:74
end_of_record
